<?xml version="1.0" encoding="UTF-8"?>
<testsuite xmlns:xsi="http://www.w3.org/2001/XMLSchema-instance" xsi:noNamespaceSchemaLocation="https://maven.apache.org/surefire/maven-surefire-plugin/xsd/surefire-test-report.xsd" name="com.ait.proj.test.MicroSvcClientTests" time="0.211" tests="1" errors="0" skipped="0" failures="0">
  <properties>
    <property name="sun.desktop" value="windows"/>
    <property name="awt.toolkit" value="sun.awt.windows.WToolkit"/>
    <property name="java.specification.version" value="11"/>
    <property name="sun.cpu.isalist" value="amd64"/>
    <property name="sun.jnu.encoding" value="Cp1252"/>
    <property name="java.class.path" value="C:\Users\DELL-7440-i7\eclipse-workspace\microservices\MainClient\target\test-classes;C:\Users\DELL-7440-i7\eclipse-workspace\microservices\MainClient\target\classes;C:\Users\DELL-7440-i7\.m2\repository\org\springframework\boot\spring-boot-starter-web\2.0.1.RELEASE\spring-boot-starter-web-2.0.1.RELEASE.jar;C:\Users\DELL-7440-i7\.m2\repository\org\springframework\boot\spring-boot-starter\2.0.1.RELEASE\spring-boot-starter-2.0.1.RELEASE.jar;C:\Users\DELL-7440-i7\.m2\repository\org\springframework\boot\spring-boot\2.0.1.RELEASE\spring-boot-2.0.1.RELEASE.jar;C:\Users\DELL-7440-i7\.m2\repository\org\springframework\boot\spring-boot-autoconfigure\2.0.1.RELEASE\spring-boot-autoconfigure-2.0.1.RELEASE.jar;C:\Users\DELL-7440-i7\.m2\repository\org\springframework\boot\spring-boot-starter-logging\2.0.1.RELEASE\spring-boot-starter-logging-2.0.1.RELEASE.jar;C:\Users\DELL-7440-i7\.m2\repository\ch\qos\logback\logback-classic\1.2.3\logback-classic-1.2.3.jar;C:\Users\DELL-7440-i7\.m2\repository\ch\qos\logback\logback-core\1.2.3\logback-core-1.2.3.jar;C:\Users\DELL-7440-i7\.m2\repository\org\apache\logging\log4j\log4j-to-slf4j\2.10.0\log4j-to-slf4j-2.10.0.jar;C:\Users\DELL-7440-i7\.m2\repository\org\apache\logging\log4j\log4j-api\2.10.0\log4j-api-2.10.0.jar;C:\Users\DELL-7440-i7\.m2\repository\org\slf4j\jul-to-slf4j\1.7.25\jul-to-slf4j-1.7.25.jar;C:\Users\DELL-7440-i7\.m2\repository\javax\annotation\javax.annotation-api\1.3.2\javax.annotation-api-1.3.2.jar;C:\Users\DELL-7440-i7\.m2\repository\org\yaml\snakeyaml\1.19\snakeyaml-1.19.jar;C:\Users\DELL-7440-i7\.m2\repository\org\springframework\boot\spring-boot-starter-json\2.0.1.RELEASE\spring-boot-starter-json-2.0.1.RELEASE.jar;C:\Users\DELL-7440-i7\.m2\repository\com\fasterxml\jackson\datatype\jackson-datatype-jdk8\2.9.3\jackson-datatype-jdk8-2.9.3.jar;C:\Users\DELL-7440-i7\.m2\repository\com\fasterxml\jackson\datatype\jackson-datatype-jsr310\2.9.3\jackson-datatype-jsr310-2.9.3.jar;C:\Users\DELL-7440-i7\.m2\repository\com\fasterxml\jackson\module\jackson-module-parameter-names\2.9.3\jackson-module-parameter-names-2.9.3.jar;C:\Users\DELL-7440-i7\.m2\repository\org\springframework\boot\spring-boot-starter-tomcat\2.0.1.RELEASE\spring-boot-starter-tomcat-2.0.1.RELEASE.jar;C:\Users\DELL-7440-i7\.m2\repository\org\apache\tomcat\embed\tomcat-embed-core\8.5.29\tomcat-embed-core-8.5.29.jar;C:\Users\DELL-7440-i7\.m2\repository\org\apache\tomcat\embed\tomcat-embed-websocket\8.5.29\tomcat-embed-websocket-8.5.29.jar;C:\Users\DELL-7440-i7\.m2\repository\org\hibernate\validator\hibernate-validator\6.0.9.Final\hibernate-validator-6.0.9.Final.jar;C:\Users\DELL-7440-i7\.m2\repository\javax\validation\validation-api\2.0.1.Final\validation-api-2.0.1.Final.jar;C:\Users\DELL-7440-i7\.m2\repository\org\jboss\logging\jboss-logging\3.3.2.Final\jboss-logging-3.3.2.Final.jar;C:\Users\DELL-7440-i7\.m2\repository\com\fasterxml\classmate\1.3.4\classmate-1.3.4.jar;C:\Users\DELL-7440-i7\.m2\repository\org\springframework\spring-web\5.0.5.RELEASE\spring-web-5.0.5.RELEASE.jar;C:\Users\DELL-7440-i7\.m2\repository\org\springframework\spring-beans\5.0.5.RELEASE\spring-beans-5.0.5.RELEASE.jar;C:\Users\DELL-7440-i7\.m2\repository\org\springframework\spring-webmvc\5.0.5.RELEASE\spring-webmvc-5.0.5.RELEASE.jar;C:\Users\DELL-7440-i7\.m2\repository\org\springframework\spring-context\5.0.5.RELEASE\spring-context-5.0.5.RELEASE.jar;C:\Users\DELL-7440-i7\.m2\repository\org\springframework\spring-expression\5.0.5.RELEASE\spring-expression-5.0.5.RELEASE.jar;C:\Users\DELL-7440-i7\.m2\repository\org\springframework\cloud\spring-cloud-starter-config\2.0.0.RC1\spring-cloud-starter-config-2.0.0.RC1.jar;C:\Users\DELL-7440-i7\.m2\repository\org\springframework\cloud\spring-cloud-starter\2.0.0.RC1\spring-cloud-starter-2.0.0.RC1.jar;C:\Users\DELL-7440-i7\.m2\repository\org\springframework\cloud\spring-cloud-context\2.0.0.RC1\spring-cloud-context-2.0.0.RC1.jar;C:\Users\DELL-7440-i7\.m2\repository\org\springframework\security\spring-security-rsa\1.0.5.RELEASE\spring-security-rsa-1.0.5.RELEASE.jar;C:\Users\DELL-7440-i7\.m2\repository\org\bouncycastle\bcpkix-jdk15on\1.56\bcpkix-jdk15on-1.56.jar;C:\Users\DELL-7440-i7\.m2\repository\org\bouncycastle\bcprov-jdk15on\1.56\bcprov-jdk15on-1.56.jar;C:\Users\DELL-7440-i7\.m2\repository\org\springframework\cloud\spring-cloud-config-client\2.0.0.RC1\spring-cloud-config-client-2.0.0.RC1.jar;C:\Users\DELL-7440-i7\.m2\repository\com\fasterxml\jackson\core\jackson-annotations\2.9.0\jackson-annotations-2.9.0.jar;C:\Users\DELL-7440-i7\.m2\repository\com\fasterxml\jackson\core\jackson-databind\2.9.3\jackson-databind-2.9.3.jar;C:\Users\DELL-7440-i7\.m2\repository\com\fasterxml\jackson\core\jackson-core\2.9.3\jackson-core-2.9.3.jar;C:\Users\DELL-7440-i7\.m2\repository\com\sun\xml\bind\jaxb-core\2.3.0.1\jaxb-core-2.3.0.1.jar;C:\Users\DELL-7440-i7\.m2\repository\javax\xml\bind\jaxb-api\2.3.1\jaxb-api-2.3.1.jar;C:\Users\DELL-7440-i7\.m2\repository\javax\activation\javax.activation-api\1.2.0\javax.activation-api-1.2.0.jar;C:\Users\DELL-7440-i7\.m2\repository\com\sun\xml\bind\jaxb-impl\2.3.1\jaxb-impl-2.3.1.jar;C:\Users\DELL-7440-i7\.m2\repository\org\springframework\boot\spring-boot-starter-security\2.0.1.RELEASE\spring-boot-starter-security-2.0.1.RELEASE.jar;C:\Users\DELL-7440-i7\.m2\repository\org\springframework\spring-aop\5.0.5.RELEASE\spring-aop-5.0.5.RELEASE.jar;C:\Users\DELL-7440-i7\.m2\repository\org\springframework\security\spring-security-config\5.0.4.RELEASE\spring-security-config-5.0.4.RELEASE.jar;C:\Users\DELL-7440-i7\.m2\repository\org\springframework\security\spring-security-core\5.0.4.RELEASE\spring-security-core-5.0.4.RELEASE.jar;C:\Users\DELL-7440-i7\.m2\repository\org\springframework\security\spring-security-web\5.0.4.RELEASE\spring-security-web-5.0.4.RELEASE.jar;C:\Users\DELL-7440-i7\.m2\repository\org\springframework\cloud\spring-cloud-starter-oauth2\2.2.2.RELEASE\spring-cloud-starter-oauth2-2.2.2.RELEASE.jar;C:\Users\DELL-7440-i7\.m2\repository\org\springframework\cloud\spring-cloud-starter-security\2.0.0.RC1\spring-cloud-starter-security-2.0.0.RC1.jar;C:\Users\DELL-7440-i7\.m2\repository\org\springframework\boot\spring-boot-starter-actuator\2.0.1.RELEASE\spring-boot-starter-actuator-2.0.1.RELEASE.jar;C:\Users\DELL-7440-i7\.m2\repository\org\springframework\boot\spring-boot-actuator-autoconfigure\2.0.1.RELEASE\spring-boot-actuator-autoconfigure-2.0.1.RELEASE.jar;C:\Users\DELL-7440-i7\.m2\repository\org\springframework\boot\spring-boot-actuator\2.0.1.RELEASE\spring-boot-actuator-2.0.1.RELEASE.jar;C:\Users\DELL-7440-i7\.m2\repository\io\micrometer\micrometer-core\1.0.3\micrometer-core-1.0.3.jar;C:\Users\DELL-7440-i7\.m2\repository\org\hdrhistogram\HdrHistogram\2.1.10\HdrHistogram-2.1.10.jar;C:\Users\DELL-7440-i7\.m2\repository\org\latencyutils\LatencyUtils\2.0.3\LatencyUtils-2.0.3.jar;C:\Users\DELL-7440-i7\.m2\repository\org\springframework\cloud\spring-cloud-security\2.0.0.RC1\spring-cloud-security-2.0.0.RC1.jar;C:\Users\DELL-7440-i7\.m2\repository\org\springframework\security\oauth\boot\spring-security-oauth2-autoconfigure\2.0.0.RELEASE\spring-security-oauth2-autoconfigure-2.0.0.RELEASE.jar;C:\Users\DELL-7440-i7\.m2\repository\org\springframework\security\oauth\spring-security-oauth2\2.2.1.RELEASE\spring-security-oauth2-2.2.1.RELEASE.jar;C:\Users\DELL-7440-i7\.m2\repository\commons-codec\commons-codec\1.11\commons-codec-1.11.jar;C:\Users\DELL-7440-i7\.m2\repository\org\codehaus\jackson\jackson-mapper-asl\1.9.13\jackson-mapper-asl-1.9.13.jar;C:\Users\DELL-7440-i7\.m2\repository\org\codehaus\jackson\jackson-core-asl\1.9.13\jackson-core-asl-1.9.13.jar;C:\Users\DELL-7440-i7\.m2\repository\org\springframework\security\spring-security-jwt\1.0.9.RELEASE\spring-security-jwt-1.0.9.RELEASE.jar;C:\Users\DELL-7440-i7\.m2\repository\org\springframework\boot\spring-boot-starter-validation\2.0.1.RELEASE\spring-boot-starter-validation-2.0.1.RELEASE.jar;C:\Users\DELL-7440-i7\.m2\repository\org\apache\tomcat\embed\tomcat-embed-el\8.5.29\tomcat-embed-el-8.5.29.jar;C:\Users\DELL-7440-i7\.m2\repository\org\springframework\cloud\spring-cloud-starter-sleuth\2.0.0.RC1\spring-cloud-starter-sleuth-2.0.0.RC1.jar;C:\Users\DELL-7440-i7\.m2\repository\org\springframework\boot\spring-boot-starter-aop\2.0.1.RELEASE\spring-boot-starter-aop-2.0.1.RELEASE.jar;C:\Users\DELL-7440-i7\.m2\repository\org\aspectj\aspectjweaver\1.8.13\aspectjweaver-1.8.13.jar;C:\Users\DELL-7440-i7\.m2\repository\org\springframework\cloud\spring-cloud-sleuth-core\2.0.0.RC1\spring-cloud-sleuth-core-2.0.0.RC1.jar;C:\Users\DELL-7440-i7\.m2\repository\org\aspectj\aspectjrt\1.8.13\aspectjrt-1.8.13.jar;C:\Users\DELL-7440-i7\.m2\repository\io\zipkin\brave\brave\4.19.0\brave-4.19.0.jar;C:\Users\DELL-7440-i7\.m2\repository\io\zipkin\brave\brave-context-log4j2\4.19.0\brave-context-log4j2-4.19.0.jar;C:\Users\DELL-7440-i7\.m2\repository\io\zipkin\brave\brave-instrumentation-spring-web\4.19.0\brave-instrumentation-spring-web-4.19.0.jar;C:\Users\DELL-7440-i7\.m2\repository\io\zipkin\brave\brave-instrumentation-http\4.19.0\brave-instrumentation-http-4.19.0.jar;C:\Users\DELL-7440-i7\.m2\repository\io\zipkin\brave\brave-instrumentation-spring-rabbit\4.19.0\brave-instrumentation-spring-rabbit-4.19.0.jar;C:\Users\DELL-7440-i7\.m2\repository\io\zipkin\brave\brave-instrumentation-kafka-clients\4.19.0\brave-instrumentation-kafka-clients-4.19.0.jar;C:\Users\DELL-7440-i7\.m2\repository\io\zipkin\brave\brave-instrumentation-httpclient\4.19.0\brave-instrumentation-httpclient-4.19.0.jar;C:\Users\DELL-7440-i7\.m2\repository\io\zipkin\brave\brave-instrumentation-httpasyncclient\4.19.0\brave-instrumentation-httpasyncclient-4.19.0.jar;C:\Users\DELL-7440-i7\.m2\repository\io\zipkin\brave\brave-instrumentation-spring-webmvc\4.19.0\brave-instrumentation-spring-webmvc-4.19.0.jar;C:\Users\DELL-7440-i7\.m2\repository\io\zipkin\brave\brave-instrumentation-servlet\4.19.0\brave-instrumentation-servlet-4.19.0.jar;C:\Users\DELL-7440-i7\.m2\repository\org\springframework\cloud\spring-cloud-sleuth-zipkin\2.0.0.RC1\spring-cloud-sleuth-zipkin-2.0.0.RC1.jar;C:\Users\DELL-7440-i7\.m2\repository\org\springframework\cloud\spring-cloud-commons\2.0.0.RC1\spring-cloud-commons-2.0.0.RC1.jar;C:\Users\DELL-7440-i7\.m2\repository\org\springframework\security\spring-security-crypto\5.0.4.RELEASE\spring-security-crypto-5.0.4.RELEASE.jar;C:\Users\DELL-7440-i7\.m2\repository\org\apache\httpcomponents\httpclient\4.5.5\httpclient-4.5.5.jar;C:\Users\DELL-7440-i7\.m2\repository\org\apache\httpcomponents\httpcore\4.4.9\httpcore-4.4.9.jar;C:\Users\DELL-7440-i7\.m2\repository\io\zipkin\zipkin2\zipkin\2.6.1\zipkin-2.6.1.jar;C:\Users\DELL-7440-i7\.m2\repository\io\zipkin\reporter2\zipkin-reporter\2.5.0\zipkin-reporter-2.5.0.jar;C:\Users\DELL-7440-i7\.m2\repository\io\zipkin\reporter2\zipkin-sender-kafka11\2.5.0\zipkin-sender-kafka11-2.5.0.jar;C:\Users\DELL-7440-i7\.m2\repository\io\zipkin\reporter2\zipkin-sender-amqp-client\2.5.0\zipkin-sender-amqp-client-2.5.0.jar;C:\Users\DELL-7440-i7\.m2\repository\org\springframework\boot\spring-boot-starter-test\2.0.1.RELEASE\spring-boot-starter-test-2.0.1.RELEASE.jar;C:\Users\DELL-7440-i7\.m2\repository\org\springframework\boot\spring-boot-test\2.0.1.RELEASE\spring-boot-test-2.0.1.RELEASE.jar;C:\Users\DELL-7440-i7\.m2\repository\org\springframework\boot\spring-boot-test-autoconfigure\2.0.1.RELEASE\spring-boot-test-autoconfigure-2.0.1.RELEASE.jar;C:\Users\DELL-7440-i7\.m2\repository\com\jayway\jsonpath\json-path\2.4.0\json-path-2.4.0.jar;C:\Users\DELL-7440-i7\.m2\repository\net\minidev\json-smart\2.3\json-smart-2.3.jar;C:\Users\DELL-7440-i7\.m2\repository\net\minidev\accessors-smart\1.2\accessors-smart-1.2.jar;C:\Users\DELL-7440-i7\.m2\repository\org\ow2\asm\asm\5.0.4\asm-5.0.4.jar;C:\Users\DELL-7440-i7\.m2\repository\org\slf4j\slf4j-api\1.7.25\slf4j-api-1.7.25.jar;C:\Users\DELL-7440-i7\.m2\repository\junit\junit\4.12\junit-4.12.jar;C:\Users\DELL-7440-i7\.m2\repository\org\assertj\assertj-core\3.9.1\assertj-core-3.9.1.jar;C:\Users\DELL-7440-i7\.m2\repository\org\mockito\mockito-core\2.15.0\mockito-core-2.15.0.jar;C:\Users\DELL-7440-i7\.m2\repository\net\bytebuddy\byte-buddy\1.7.11\byte-buddy-1.7.11.jar;C:\Users\DELL-7440-i7\.m2\repository\net\bytebuddy\byte-buddy-agent\1.7.11\byte-buddy-agent-1.7.11.jar;C:\Users\DELL-7440-i7\.m2\repository\org\objenesis\objenesis\2.6\objenesis-2.6.jar;C:\Users\DELL-7440-i7\.m2\repository\org\hamcrest\hamcrest-core\1.3\hamcrest-core-1.3.jar;C:\Users\DELL-7440-i7\.m2\repository\org\hamcrest\hamcrest-library\1.3\hamcrest-library-1.3.jar;C:\Users\DELL-7440-i7\.m2\repository\org\skyscreamer\jsonassert\1.5.0\jsonassert-1.5.0.jar;C:\Users\DELL-7440-i7\.m2\repository\com\vaadin\external\google\android-json\0.0.20131108.vaadin1\android-json-0.0.20131108.vaadin1.jar;C:\Users\DELL-7440-i7\.m2\repository\org\springframework\spring-core\5.0.5.RELEASE\spring-core-5.0.5.RELEASE.jar;C:\Users\DELL-7440-i7\.m2\repository\org\springframework\spring-jcl\5.0.5.RELEASE\spring-jcl-5.0.5.RELEASE.jar;C:\Users\DELL-7440-i7\.m2\repository\org\springframework\spring-test\5.0.5.RELEASE\spring-test-5.0.5.RELEASE.jar;C:\Users\DELL-7440-i7\.m2\repository\org\xmlunit\xmlunit-core\2.5.1\xmlunit-core-2.5.1.jar;"/>
    <property name="java.vm.vendor" value="Oracle Corporation"/>
    <property name="sun.arch.data.model" value="64"/>
    <property name="user.variant" value=""/>
    <property name="java.vendor.url" value="https://openjdk.java.net/"/>
    <property name="user.timezone" value=""/>
    <property name="java.vm.specification.version" value="11"/>
    <property name="os.name" value="Windows 10"/>
    <property name="sun.java.launcher" value="SUN_STANDARD"/>
    <property name="user.country" value="IE"/>
    <property name="sun.boot.library.path" value="C:\Program Files\Java\jdk-11.0.14\bin"/>
    <property name="sun.java.command" value="C:\Users\DELL-7~1\AppData\Local\Temp\surefire14178334914326208646\surefirebooter4459338161567074505.jar C:\Users\DELL-7440-i7\AppData\Local\Temp\surefire14178334914326208646 2022-04-25T06-54-12_105-jvmRun1 surefire14642870476465637114tmp surefire_015470119900868834315tmp"/>
    <property name="jdk.debug" value="release"/>
    <property name="surefire.test.class.path" value="C:\Users\DELL-7440-i7\eclipse-workspace\microservices\MainClient\target\test-classes;C:\Users\DELL-7440-i7\eclipse-workspace\microservices\MainClient\target\classes;C:\Users\DELL-7440-i7\.m2\repository\org\springframework\boot\spring-boot-starter-web\2.0.1.RELEASE\spring-boot-starter-web-2.0.1.RELEASE.jar;C:\Users\DELL-7440-i7\.m2\repository\org\springframework\boot\spring-boot-starter\2.0.1.RELEASE\spring-boot-starter-2.0.1.RELEASE.jar;C:\Users\DELL-7440-i7\.m2\repository\org\springframework\boot\spring-boot\2.0.1.RELEASE\spring-boot-2.0.1.RELEASE.jar;C:\Users\DELL-7440-i7\.m2\repository\org\springframework\boot\spring-boot-autoconfigure\2.0.1.RELEASE\spring-boot-autoconfigure-2.0.1.RELEASE.jar;C:\Users\DELL-7440-i7\.m2\repository\org\springframework\boot\spring-boot-starter-logging\2.0.1.RELEASE\spring-boot-starter-logging-2.0.1.RELEASE.jar;C:\Users\DELL-7440-i7\.m2\repository\ch\qos\logback\logback-classic\1.2.3\logback-classic-1.2.3.jar;C:\Users\DELL-7440-i7\.m2\repository\ch\qos\logback\logback-core\1.2.3\logback-core-1.2.3.jar;C:\Users\DELL-7440-i7\.m2\repository\org\apache\logging\log4j\log4j-to-slf4j\2.10.0\log4j-to-slf4j-2.10.0.jar;C:\Users\DELL-7440-i7\.m2\repository\org\apache\logging\log4j\log4j-api\2.10.0\log4j-api-2.10.0.jar;C:\Users\DELL-7440-i7\.m2\repository\org\slf4j\jul-to-slf4j\1.7.25\jul-to-slf4j-1.7.25.jar;C:\Users\DELL-7440-i7\.m2\repository\javax\annotation\javax.annotation-api\1.3.2\javax.annotation-api-1.3.2.jar;C:\Users\DELL-7440-i7\.m2\repository\org\yaml\snakeyaml\1.19\snakeyaml-1.19.jar;C:\Users\DELL-7440-i7\.m2\repository\org\springframework\boot\spring-boot-starter-json\2.0.1.RELEASE\spring-boot-starter-json-2.0.1.RELEASE.jar;C:\Users\DELL-7440-i7\.m2\repository\com\fasterxml\jackson\datatype\jackson-datatype-jdk8\2.9.3\jackson-datatype-jdk8-2.9.3.jar;C:\Users\DELL-7440-i7\.m2\repository\com\fasterxml\jackson\datatype\jackson-datatype-jsr310\2.9.3\jackson-datatype-jsr310-2.9.3.jar;C:\Users\DELL-7440-i7\.m2\repository\com\fasterxml\jackson\module\jackson-module-parameter-names\2.9.3\jackson-module-parameter-names-2.9.3.jar;C:\Users\DELL-7440-i7\.m2\repository\org\springframework\boot\spring-boot-starter-tomcat\2.0.1.RELEASE\spring-boot-starter-tomcat-2.0.1.RELEASE.jar;C:\Users\DELL-7440-i7\.m2\repository\org\apache\tomcat\embed\tomcat-embed-core\8.5.29\tomcat-embed-core-8.5.29.jar;C:\Users\DELL-7440-i7\.m2\repository\org\apache\tomcat\embed\tomcat-embed-websocket\8.5.29\tomcat-embed-websocket-8.5.29.jar;C:\Users\DELL-7440-i7\.m2\repository\org\hibernate\validator\hibernate-validator\6.0.9.Final\hibernate-validator-6.0.9.Final.jar;C:\Users\DELL-7440-i7\.m2\repository\javax\validation\validation-api\2.0.1.Final\validation-api-2.0.1.Final.jar;C:\Users\DELL-7440-i7\.m2\repository\org\jboss\logging\jboss-logging\3.3.2.Final\jboss-logging-3.3.2.Final.jar;C:\Users\DELL-7440-i7\.m2\repository\com\fasterxml\classmate\1.3.4\classmate-1.3.4.jar;C:\Users\DELL-7440-i7\.m2\repository\org\springframework\spring-web\5.0.5.RELEASE\spring-web-5.0.5.RELEASE.jar;C:\Users\DELL-7440-i7\.m2\repository\org\springframework\spring-beans\5.0.5.RELEASE\spring-beans-5.0.5.RELEASE.jar;C:\Users\DELL-7440-i7\.m2\repository\org\springframework\spring-webmvc\5.0.5.RELEASE\spring-webmvc-5.0.5.RELEASE.jar;C:\Users\DELL-7440-i7\.m2\repository\org\springframework\spring-context\5.0.5.RELEASE\spring-context-5.0.5.RELEASE.jar;C:\Users\DELL-7440-i7\.m2\repository\org\springframework\spring-expression\5.0.5.RELEASE\spring-expression-5.0.5.RELEASE.jar;C:\Users\DELL-7440-i7\.m2\repository\org\springframework\cloud\spring-cloud-starter-config\2.0.0.RC1\spring-cloud-starter-config-2.0.0.RC1.jar;C:\Users\DELL-7440-i7\.m2\repository\org\springframework\cloud\spring-cloud-starter\2.0.0.RC1\spring-cloud-starter-2.0.0.RC1.jar;C:\Users\DELL-7440-i7\.m2\repository\org\springframework\cloud\spring-cloud-context\2.0.0.RC1\spring-cloud-context-2.0.0.RC1.jar;C:\Users\DELL-7440-i7\.m2\repository\org\springframework\security\spring-security-rsa\1.0.5.RELEASE\spring-security-rsa-1.0.5.RELEASE.jar;C:\Users\DELL-7440-i7\.m2\repository\org\bouncycastle\bcpkix-jdk15on\1.56\bcpkix-jdk15on-1.56.jar;C:\Users\DELL-7440-i7\.m2\repository\org\bouncycastle\bcprov-jdk15on\1.56\bcprov-jdk15on-1.56.jar;C:\Users\DELL-7440-i7\.m2\repository\org\springframework\cloud\spring-cloud-config-client\2.0.0.RC1\spring-cloud-config-client-2.0.0.RC1.jar;C:\Users\DELL-7440-i7\.m2\repository\com\fasterxml\jackson\core\jackson-annotations\2.9.0\jackson-annotations-2.9.0.jar;C:\Users\DELL-7440-i7\.m2\repository\com\fasterxml\jackson\core\jackson-databind\2.9.3\jackson-databind-2.9.3.jar;C:\Users\DELL-7440-i7\.m2\repository\com\fasterxml\jackson\core\jackson-core\2.9.3\jackson-core-2.9.3.jar;C:\Users\DELL-7440-i7\.m2\repository\com\sun\xml\bind\jaxb-core\2.3.0.1\jaxb-core-2.3.0.1.jar;C:\Users\DELL-7440-i7\.m2\repository\javax\xml\bind\jaxb-api\2.3.1\jaxb-api-2.3.1.jar;C:\Users\DELL-7440-i7\.m2\repository\javax\activation\javax.activation-api\1.2.0\javax.activation-api-1.2.0.jar;C:\Users\DELL-7440-i7\.m2\repository\com\sun\xml\bind\jaxb-impl\2.3.1\jaxb-impl-2.3.1.jar;C:\Users\DELL-7440-i7\.m2\repository\org\springframework\boot\spring-boot-starter-security\2.0.1.RELEASE\spring-boot-starter-security-2.0.1.RELEASE.jar;C:\Users\DELL-7440-i7\.m2\repository\org\springframework\spring-aop\5.0.5.RELEASE\spring-aop-5.0.5.RELEASE.jar;C:\Users\DELL-7440-i7\.m2\repository\org\springframework\security\spring-security-config\5.0.4.RELEASE\spring-security-config-5.0.4.RELEASE.jar;C:\Users\DELL-7440-i7\.m2\repository\org\springframework\security\spring-security-core\5.0.4.RELEASE\spring-security-core-5.0.4.RELEASE.jar;C:\Users\DELL-7440-i7\.m2\repository\org\springframework\security\spring-security-web\5.0.4.RELEASE\spring-security-web-5.0.4.RELEASE.jar;C:\Users\DELL-7440-i7\.m2\repository\org\springframework\cloud\spring-cloud-starter-oauth2\2.2.2.RELEASE\spring-cloud-starter-oauth2-2.2.2.RELEASE.jar;C:\Users\DELL-7440-i7\.m2\repository\org\springframework\cloud\spring-cloud-starter-security\2.0.0.RC1\spring-cloud-starter-security-2.0.0.RC1.jar;C:\Users\DELL-7440-i7\.m2\repository\org\springframework\boot\spring-boot-starter-actuator\2.0.1.RELEASE\spring-boot-starter-actuator-2.0.1.RELEASE.jar;C:\Users\DELL-7440-i7\.m2\repository\org\springframework\boot\spring-boot-actuator-autoconfigure\2.0.1.RELEASE\spring-boot-actuator-autoconfigure-2.0.1.RELEASE.jar;C:\Users\DELL-7440-i7\.m2\repository\org\springframework\boot\spring-boot-actuator\2.0.1.RELEASE\spring-boot-actuator-2.0.1.RELEASE.jar;C:\Users\DELL-7440-i7\.m2\repository\io\micrometer\micrometer-core\1.0.3\micrometer-core-1.0.3.jar;C:\Users\DELL-7440-i7\.m2\repository\org\hdrhistogram\HdrHistogram\2.1.10\HdrHistogram-2.1.10.jar;C:\Users\DELL-7440-i7\.m2\repository\org\latencyutils\LatencyUtils\2.0.3\LatencyUtils-2.0.3.jar;C:\Users\DELL-7440-i7\.m2\repository\org\springframework\cloud\spring-cloud-security\2.0.0.RC1\spring-cloud-security-2.0.0.RC1.jar;C:\Users\DELL-7440-i7\.m2\repository\org\springframework\security\oauth\boot\spring-security-oauth2-autoconfigure\2.0.0.RELEASE\spring-security-oauth2-autoconfigure-2.0.0.RELEASE.jar;C:\Users\DELL-7440-i7\.m2\repository\org\springframework\security\oauth\spring-security-oauth2\2.2.1.RELEASE\spring-security-oauth2-2.2.1.RELEASE.jar;C:\Users\DELL-7440-i7\.m2\repository\commons-codec\commons-codec\1.11\commons-codec-1.11.jar;C:\Users\DELL-7440-i7\.m2\repository\org\codehaus\jackson\jackson-mapper-asl\1.9.13\jackson-mapper-asl-1.9.13.jar;C:\Users\DELL-7440-i7\.m2\repository\org\codehaus\jackson\jackson-core-asl\1.9.13\jackson-core-asl-1.9.13.jar;C:\Users\DELL-7440-i7\.m2\repository\org\springframework\security\spring-security-jwt\1.0.9.RELEASE\spring-security-jwt-1.0.9.RELEASE.jar;C:\Users\DELL-7440-i7\.m2\repository\org\springframework\boot\spring-boot-starter-validation\2.0.1.RELEASE\spring-boot-starter-validation-2.0.1.RELEASE.jar;C:\Users\DELL-7440-i7\.m2\repository\org\apache\tomcat\embed\tomcat-embed-el\8.5.29\tomcat-embed-el-8.5.29.jar;C:\Users\DELL-7440-i7\.m2\repository\org\springframework\cloud\spring-cloud-starter-sleuth\2.0.0.RC1\spring-cloud-starter-sleuth-2.0.0.RC1.jar;C:\Users\DELL-7440-i7\.m2\repository\org\springframework\boot\spring-boot-starter-aop\2.0.1.RELEASE\spring-boot-starter-aop-2.0.1.RELEASE.jar;C:\Users\DELL-7440-i7\.m2\repository\org\aspectj\aspectjweaver\1.8.13\aspectjweaver-1.8.13.jar;C:\Users\DELL-7440-i7\.m2\repository\org\springframework\cloud\spring-cloud-sleuth-core\2.0.0.RC1\spring-cloud-sleuth-core-2.0.0.RC1.jar;C:\Users\DELL-7440-i7\.m2\repository\org\aspectj\aspectjrt\1.8.13\aspectjrt-1.8.13.jar;C:\Users\DELL-7440-i7\.m2\repository\io\zipkin\brave\brave\4.19.0\brave-4.19.0.jar;C:\Users\DELL-7440-i7\.m2\repository\io\zipkin\brave\brave-context-log4j2\4.19.0\brave-context-log4j2-4.19.0.jar;C:\Users\DELL-7440-i7\.m2\repository\io\zipkin\brave\brave-instrumentation-spring-web\4.19.0\brave-instrumentation-spring-web-4.19.0.jar;C:\Users\DELL-7440-i7\.m2\repository\io\zipkin\brave\brave-instrumentation-http\4.19.0\brave-instrumentation-http-4.19.0.jar;C:\Users\DELL-7440-i7\.m2\repository\io\zipkin\brave\brave-instrumentation-spring-rabbit\4.19.0\brave-instrumentation-spring-rabbit-4.19.0.jar;C:\Users\DELL-7440-i7\.m2\repository\io\zipkin\brave\brave-instrumentation-kafka-clients\4.19.0\brave-instrumentation-kafka-clients-4.19.0.jar;C:\Users\DELL-7440-i7\.m2\repository\io\zipkin\brave\brave-instrumentation-httpclient\4.19.0\brave-instrumentation-httpclient-4.19.0.jar;C:\Users\DELL-7440-i7\.m2\repository\io\zipkin\brave\brave-instrumentation-httpasyncclient\4.19.0\brave-instrumentation-httpasyncclient-4.19.0.jar;C:\Users\DELL-7440-i7\.m2\repository\io\zipkin\brave\brave-instrumentation-spring-webmvc\4.19.0\brave-instrumentation-spring-webmvc-4.19.0.jar;C:\Users\DELL-7440-i7\.m2\repository\io\zipkin\brave\brave-instrumentation-servlet\4.19.0\brave-instrumentation-servlet-4.19.0.jar;C:\Users\DELL-7440-i7\.m2\repository\org\springframework\cloud\spring-cloud-sleuth-zipkin\2.0.0.RC1\spring-cloud-sleuth-zipkin-2.0.0.RC1.jar;C:\Users\DELL-7440-i7\.m2\repository\org\springframework\cloud\spring-cloud-commons\2.0.0.RC1\spring-cloud-commons-2.0.0.RC1.jar;C:\Users\DELL-7440-i7\.m2\repository\org\springframework\security\spring-security-crypto\5.0.4.RELEASE\spring-security-crypto-5.0.4.RELEASE.jar;C:\Users\DELL-7440-i7\.m2\repository\org\apache\httpcomponents\httpclient\4.5.5\httpclient-4.5.5.jar;C:\Users\DELL-7440-i7\.m2\repository\org\apache\httpcomponents\httpcore\4.4.9\httpcore-4.4.9.jar;C:\Users\DELL-7440-i7\.m2\repository\io\zipkin\zipkin2\zipkin\2.6.1\zipkin-2.6.1.jar;C:\Users\DELL-7440-i7\.m2\repository\io\zipkin\reporter2\zipkin-reporter\2.5.0\zipkin-reporter-2.5.0.jar;C:\Users\DELL-7440-i7\.m2\repository\io\zipkin\reporter2\zipkin-sender-kafka11\2.5.0\zipkin-sender-kafka11-2.5.0.jar;C:\Users\DELL-7440-i7\.m2\repository\io\zipkin\reporter2\zipkin-sender-amqp-client\2.5.0\zipkin-sender-amqp-client-2.5.0.jar;C:\Users\DELL-7440-i7\.m2\repository\org\springframework\boot\spring-boot-starter-test\2.0.1.RELEASE\spring-boot-starter-test-2.0.1.RELEASE.jar;C:\Users\DELL-7440-i7\.m2\repository\org\springframework\boot\spring-boot-test\2.0.1.RELEASE\spring-boot-test-2.0.1.RELEASE.jar;C:\Users\DELL-7440-i7\.m2\repository\org\springframework\boot\spring-boot-test-autoconfigure\2.0.1.RELEASE\spring-boot-test-autoconfigure-2.0.1.RELEASE.jar;C:\Users\DELL-7440-i7\.m2\repository\com\jayway\jsonpath\json-path\2.4.0\json-path-2.4.0.jar;C:\Users\DELL-7440-i7\.m2\repository\net\minidev\json-smart\2.3\json-smart-2.3.jar;C:\Users\DELL-7440-i7\.m2\repository\net\minidev\accessors-smart\1.2\accessors-smart-1.2.jar;C:\Users\DELL-7440-i7\.m2\repository\org\ow2\asm\asm\5.0.4\asm-5.0.4.jar;C:\Users\DELL-7440-i7\.m2\repository\org\slf4j\slf4j-api\1.7.25\slf4j-api-1.7.25.jar;C:\Users\DELL-7440-i7\.m2\repository\junit\junit\4.12\junit-4.12.jar;C:\Users\DELL-7440-i7\.m2\repository\org\assertj\assertj-core\3.9.1\assertj-core-3.9.1.jar;C:\Users\DELL-7440-i7\.m2\repository\org\mockito\mockito-core\2.15.0\mockito-core-2.15.0.jar;C:\Users\DELL-7440-i7\.m2\repository\net\bytebuddy\byte-buddy\1.7.11\byte-buddy-1.7.11.jar;C:\Users\DELL-7440-i7\.m2\repository\net\bytebuddy\byte-buddy-agent\1.7.11\byte-buddy-agent-1.7.11.jar;C:\Users\DELL-7440-i7\.m2\repository\org\objenesis\objenesis\2.6\objenesis-2.6.jar;C:\Users\DELL-7440-i7\.m2\repository\org\hamcrest\hamcrest-core\1.3\hamcrest-core-1.3.jar;C:\Users\DELL-7440-i7\.m2\repository\org\hamcrest\hamcrest-library\1.3\hamcrest-library-1.3.jar;C:\Users\DELL-7440-i7\.m2\repository\org\skyscreamer\jsonassert\1.5.0\jsonassert-1.5.0.jar;C:\Users\DELL-7440-i7\.m2\repository\com\vaadin\external\google\android-json\0.0.20131108.vaadin1\android-json-0.0.20131108.vaadin1.jar;C:\Users\DELL-7440-i7\.m2\repository\org\springframework\spring-core\5.0.5.RELEASE\spring-core-5.0.5.RELEASE.jar;C:\Users\DELL-7440-i7\.m2\repository\org\springframework\spring-jcl\5.0.5.RELEASE\spring-jcl-5.0.5.RELEASE.jar;C:\Users\DELL-7440-i7\.m2\repository\org\springframework\spring-test\5.0.5.RELEASE\spring-test-5.0.5.RELEASE.jar;C:\Users\DELL-7440-i7\.m2\repository\org\xmlunit\xmlunit-core\2.5.1\xmlunit-core-2.5.1.jar;"/>
    <property name="sun.cpu.endian" value="little"/>
    <property name="user.home" value="C:\Users\DELL-7440-i7"/>
    <property name="user.language" value="en"/>
    <property name="java.specification.vendor" value="Oracle Corporation"/>
    <property name="java.version.date" value="2022-01-18"/>
    <property name="java.home" value="C:\Program Files\Java\jdk-11.0.14"/>
    <property name="file.separator" value="\"/>
    <property name="basedir" value="C:\Users\DELL-7440-i7\eclipse-workspace\microservices\MainClient"/>
    <property name="java.vm.compressedOopsMode" value="Zero based"/>
    <property name="line.separator" value="&#10;"/>
    <property name="java.specification.name" value="Java Platform API Specification"/>
    <property name="java.vm.specification.vendor" value="Oracle Corporation"/>
    <property name="java.awt.graphicsenv" value="sun.awt.Win32GraphicsEnvironment"/>
    <property name="surefire.real.class.path" value="C:\Users\DELL-7~1\AppData\Local\Temp\surefire14178334914326208646\surefirebooter4459338161567074505.jar"/>
    <property name="user.script" value=""/>
    <property name="sun.management.compiler" value="HotSpot 64-Bit Tiered Compilers"/>
    <property name="java.runtime.version" value="11.0.14+8-LTS-263"/>
    <property name="user.name" value="DELL-7440-i7"/>
    <property name="path.separator" value=";"/>
    <property name="os.version" value="10.0"/>
    <property name="java.runtime.name" value="Java(TM) SE Runtime Environment"/>
    <property name="file.encoding" value="Cp1252"/>
    <property name="java.vm.name" value="Java HotSpot(TM) 64-Bit Server VM"/>
    <property name="java.vendor.version" value="18.9"/>
    <property name="localRepository" value="C:\Users\DELL-7440-i7\.m2\repository"/>
    <property name="java.vendor.url.bug" value="https://bugreport.java.com/bugreport/"/>
    <property name="java.io.tmpdir" value="C:\Users\DELL-7~1\AppData\Local\Temp\"/>
    <property name="java.version" value="11.0.14"/>
    <property name="user.dir" value="C:\Users\DELL-7440-i7\eclipse-workspace\microservices\MainClient"/>
    <property name="os.arch" value="amd64"/>
    <property name="java.vm.specification.name" value="Java Virtual Machine Specification"/>
    <property name="java.awt.printerjob" value="sun.awt.windows.WPrinterJob"/>
    <property name="sun.os.patch.level" value=""/>
    <property name="java.library.path" value="C:\Program Files\Java\jdk-11.0.14\bin;C:\Windows\Sun\Java\bin;C:\Windows\system32;C:\Windows;C:\Users\DELL-7440-i7\bin;C:\Program Files\Git\mingw64\bin;C:\Program Files\Git\usr\local\bin;C:\Program Files\Git\usr\bin;C:\Program Files\Git\usr\bin;C:\Program Files\Git\mingw64\bin;C:\Program Files\Git\usr\bin;C:\Users\DELL-7440-i7\bin;C:\Program Files\Common Files\Oracle\Java\javapath;C:\Program Files\Java\jdk-11.0.14\bin;C:\Windows\system32;C:\Windows;C:\Windows\System32\Wbem;C:\Windows\System32\WindowsPowerShell\v1.0;C:\Windows\System32\OpenSSH;C:\Program Files\Git\cmd;C:\apache-maven-3.8.4\bin;C:\apache-maven-3.8.4\bin;C:\Gradle\gradle-7.4.1\bin;C:\Program Files (x86)\Groovy\bin;C:\Program Files\Docker\Docker\resources\bin;C:\ProgramData\DockerDesktop\version-bin;C:\sonarqube\bin\windows-x86-64;C:\sonarscanner\bin;C:\Users\DELL-7440-i7\AppData\Local\Microsoft\WindowsApps;C:\Program Files\Java\jdk-17.0.2\bin;C:\Program Files\Git\usr\bin\vendor_perl;C:\Program Files\Git\usr\bin\core_perl;."/>
    <property name="java.vendor" value="Oracle Corporation"/>
    <property name="java.vm.info" value="mixed mode"/>
    <property name="java.vm.version" value="11.0.14+8-LTS-263"/>
    <property name="sun.io.unicode.encoding" value="UnicodeLittle"/>
    <property name="java.class.version" value="55.0"/>
  </properties>
  <testcase name="contextLoads" classname="com.ait.proj.test.MicroSvcClientTests" time="0.004"/>
</testsuite>